========================START:4257668
RAX = 0
RBX = 0
RDI = 45344
RSI = 45360
RDX = 45472
RCX = 45488
RBP = 0
RSP = 140733002798288
R8 = 46010
R9 = 41898
========================END============================
========================START:4257669
RAX = 0
RBX = 0
RDI = 45344
RSI = 45360
RDX = 45472
RCX = 45488
RBP = 0
RSP = 140733002798280
R8 = 46010
R9 = 41898
========================END============================
========================START:4257672
RAX = 0
RBX = 0
RDI = 45344
RSI = 45360
RDX = 45472
RCX = 45488
RBP = 140733002798280
RSP = 140733002798280
R8 = 46010
R9 = 41898
========================END============================
========================START:4257676
RAX = 0
RBX = 0
RDI = 45344
RSI = 45360
RDX = 45472
RCX = 45488
RBP = 140733002798280
RSP = 140733002798216
R8 = 46010
R9 = 41898
========================END============================
========================START:4257680
RAX = 0
RBX = 0
RDI = 45344
RSI = 45360
RDX = 45472
RCX = 45488
RBP = 140733002798280
RSP = 140733002798216
R8 = 46010
R9 = 41898
========================END============================
========================START:4257684
RAX = 0
RBX = 0
RDI = 45344
RSI = 45360
RDX = 45472
RCX = 45488
RBP = 140733002798280
RSP = 140733002798216
R8 = 46010
R9 = 41898
========================END============================
========================START:4257688
RAX = 0
RBX = 0
RDI = 45344
RSI = 45360
RDX = 45472
RCX = 45488
RBP = 140733002798280
RSP = 140733002798216
R8 = 46010
R9 = 41898
========================END============================
========================START:4257692
RAX = 0
RBX = 0
RDI = 45344
RSI = 45360
RDX = 45472
RCX = 45488
RBP = 140733002798280
RSP = 140733002798216
R8 = 46010
R9 = 41898
========================END============================
========================START:4257700
RAX = 0
RBX = 0
RDI = 45344
RSI = 45360
RDX = 45472
RCX = 45488
RBP = 140733002798280
RSP = 140733002798216
R8 = 46010
R9 = 41898
========================END============================
========================START:4257704
RAX = 0
RBX = 0
RDI = 45344
RSI = 45360
RDX = 45472
RCX = 45488
RBP = 140733002798280
RSP = 140733002798216
R8 = 46010
R9 = 41898
========================END============================
========================START:4257708
RAX = 45344
RBX = 0
RDI = 45344
RSI = 45360
RDX = 45472
RCX = 45488
RBP = 140733002798280
RSP = 140733002798216
R8 = 46010
R9 = 41898
========================END============================
========================START:4257711
RAX = 45344
RBX = 0
RDI = 45344
RSI = 45360
RDX = 45472
RCX = 45488
RBP = 140733002798280
RSP = 140733002798216
R8 = 46010
R9 = 41898
========================END============================
========================START:4202416
RAX = 45344
RBX = 0
RDI = 45344
RSI = 45360
RDX = 45472
RCX = 45488
RBP = 140733002798280
RSP = 140733002798208
R8 = 46010
R9 = 41898
========================END============================
========================START:4202422
RAX = 45344
RBX = 0
RDI = 45344
RSI = 45360
RDX = 45472
RCX = 45488
RBP = 140733002798280
RSP = 140733002798208
R8 = 46010
R9 = 41898
========================END============================
========================START:4202427
RAX = 45344
RBX = 0
RDI = 45344
RSI = 45360
RDX = 45472
RCX = 45488
RBP = 140733002798280
RSP = 140733002798200
R8 = 46010
R9 = 41898
========================END============================
========================START:4202048
RAX = 45344
RBX = 0
RDI = 45344
RSI = 45360
RDX = 45472
RCX = 45488
RBP = 140733002798280
RSP = 140733002798200
R8 = 46010
R9 = 41898
========================END============================
========================START:4202054
RAX = 45344
RBX = 0
RDI = 45344
RSI = 45360
RDX = 45472
RCX = 45488
RBP = 140733002798280
RSP = 140733002798192
R8 = 46010
R9 = 41898
========================END============================
========================START:4257716
RAX = 45344
RBX = 0
RDI = 45344
RSI = 45360
RDX = 45472
RCX = 288
RBP = 140733002798280
RSP = 140733002798208
R8 = 46010
R9 = 41898
========================END============================
========================START:4257720
RAX = 45344
RBX = 0
RDI = 45344
RSI = 45360
RDX = 45472
RCX = 288
RBP = 140733002798280
RSP = 140733002798208
R8 = 46010
R9 = 41898
========================END============================
========================START:4257728
RAX = 45344
RBX = 0
RDI = 45344
RSI = 45360
RDX = 45472
RCX = 288
RBP = 140733002798280
RSP = 140733002798208
R8 = 46010
R9 = 41898
========================END============================
========================START:4257919
RAX = 45344
RBX = 0
RDI = 45344
RSI = 45360
RDX = 45472
RCX = 288
RBP = 140733002798280
RSP = 140733002798208
R8 = 46010
R9 = 41898
========================END============================
========================START:4257923
RAX = 0
RBX = 0
RDI = 45344
RSI = 45360
RDX = 45472
RCX = 288
RBP = 140733002798280
RSP = 140733002798208
R8 = 46010
R9 = 41898
========================END============================
========================START:4257931
RAX = 0
RBX = 0
RDI = 45344
RSI = 45360
RDX = 0
RCX = 288
RBP = 140733002798280
RSP = 140733002798208
R8 = 46010
R9 = 41898
========================END============================
========================START:4257935
RAX = 45360
RBX = 0
RDI = 45344
RSI = 45360
RDX = 0
RCX = 288
RBP = 140733002798280
RSP = 140733002798208
R8 = 46010
R9 = 41898
========================END============================
========================START:4257938
RAX = 45360
RBX = 0
RDI = 45344
RSI = 45360
RDX = 0
RCX = 288
RBP = 140733002798280
RSP = 140733002798208
R8 = 46010
R9 = 41898
========================END============================
#eof
